-------------------------------------------------------------------------------
Test set: TestSuite
-------------------------------------------------------------------------------
Tests run: 2, Failures: 1, Errors: 0, Skipped: 0, Time elapsed: 32.806 sec <<< FAILURE! - in TestSuite
searchTest(TestCase.SearchTest)  Time elapsed: 4.333 sec  <<< FAILURE!
java.lang.AssertionError: 断言失败java.lang.AssertionError: expected [百度首页] but found [百度首页1]
	at TestCase.SearchTest.searchTest(SearchTest.java:40)

