<?xml version="1.0" encoding="UTF-8"?>
<testsuite xmlns:xsi="http://www.w3.org/2001/XMLSchema-instance" xsi:schemaLocation="https://maven.apache.org/surefire/maven-surefire-plugin/xsd/surefire-test-report.xsd" name="TestSuite" time="32.806" tests="2" errors="0" skipped="0" failures="1">
  <properties>
[...]
</properties>
  <testcase name="LoginTest" classname="TestCase.LoginTest" time="8.852"/>
  <testcase name="searchTest" classname="TestCase.SearchTest" time="4.333">
    <failure message="断言失败java.lang.AssertionError: expected [百度首页] but found [百度首页1]" type="java.lang.AssertionError">java.lang.AssertionError: 断言失败java.lang.AssertionError: expected [百度首页] but found [百度首页1]
	at TestCase.SearchTest.searchTest(SearchTest.java:40)
</failure>
    <system-out><![CDATA[*** Running test method searchTest...
*** Test execution searchTest failed...
]]></system-out>
    <system-err><![CDATA[Starting ChromeDriver 91.0.4472.101 (af52a90bf87030dd1523486a1cd3ae25c5d76c9b-refs/branch-heads/4472@{#1462}) on port 12348
Only local connections are allowed.
Please see https://chromedriver.chromium.org/security-considerations for suggestions on keeping ChromeDriver safe.
ChromeDriver was started successfully.
Jul 12, 2021 2:51:38 PM org.openqa.selenium.remote.ProtocolHandshake createSession
INFO: Detected dialect: W3C
]]></system-err>
  </testcase>
</testsuite>