<?xml version="1.0" encoding="UTF-8"?>
<!-- Generated by org.testng.reporters.JUnitXMLReporter -->
<testsuite hostname="bea" ignored="0" name="Test" tests="2" failures="1" timestamp="2021-07-12T14:51:47 CST" time="31.832" errors="0">
  <testcase name="LoginTest" time="8.981" classname="TestCase.LoginTest"/>
  <testcase name="searchTest" time="4.071" classname="TestCase.SearchTest">
    <failure type="java.lang.AssertionError" message="断言失败java.lang.AssertionError: expected [百度首页] but found [百度首页1]">
      <![CDATA[java.lang.AssertionError: 断言失败java.lang.AssertionError: expected [百度首页] but found [百度首页1]
at TestCase.SearchTest.searchTest(SearchTest.java:40)
at java.util.ArrayList.forEach(ArrayList.java:1257)
... Removed 31 stack frames]]>
    </failure>
  </testcase> <!-- searchTest -->
</testsuite> <!-- Test -->
